{"name":"hexo","hostname":"bogon","pid":61381,"level":20,"msg":"Hexo version: \u001b[35m3.2.2\u001b[39m","time":"2016-11-15T03:27:41.925Z","v":0}
{"name":"hexo","hostname":"bogon","pid":61381,"level":20,"msg":"Working directory: \u001b[35m~/Documents/next/blog/\u001b[39m","time":"2016-11-15T03:27:41.928Z","v":0}
{"name":"hexo","hostname":"bogon","pid":61381,"level":20,"msg":"Config loaded: \u001b[35m~/Documents/next/blog/_config.yml\u001b[39m","time":"2016-11-15T03:27:42.064Z","v":0}
{"name":"hexo","hostname":"bogon","pid":61381,"level":20,"msg":"Plugin loaded: \u001b[35mhexo-generator-archive\u001b[39m","time":"2016-11-15T03:27:42.080Z","v":0}
{"name":"hexo","hostname":"bogon","pid":61381,"level":20,"msg":"Plugin loaded: \u001b[35mhexo-generator-index\u001b[39m","time":"2016-11-15T03:27:42.083Z","v":0}
{"name":"hexo","hostname":"bogon","pid":61381,"level":20,"msg":"Plugin loaded: \u001b[35mhexo-generator-category\u001b[39m","time":"2016-11-15T03:27:42.085Z","v":0}
{"name":"hexo","hostname":"bogon","pid":61381,"level":20,"msg":"Plugin loaded: \u001b[35mhexo-generator-tag\u001b[39m","time":"2016-11-15T03:27:42.086Z","v":0}
{"name":"hexo","hostname":"bogon","pid":61381,"level":20,"msg":"Plugin loaded: \u001b[35mhexo-renderer-ejs\u001b[39m","time":"2016-11-15T03:27:42.090Z","v":0}
{"name":"hexo","hostname":"bogon","pid":61381,"level":20,"msg":"Plugin loaded: \u001b[35mhexo-server\u001b[39m","time":"2016-11-15T03:27:42.173Z","v":0}
{"name":"hexo","hostname":"bogon","pid":61381,"level":20,"msg":"Plugin loaded: \u001b[35mhexo-renderer-stylus\u001b[39m","time":"2016-11-15T03:27:42.174Z","v":0}
{"name":"hexo","hostname":"bogon","pid":61381,"level":20,"msg":"Plugin loaded: \u001b[35mhexo-renderer-marked\u001b[39m","time":"2016-11-15T03:27:42.180Z","v":0}
{"name":"hexo","hostname":"bogon","pid":61381,"level":20,"msg":"Loading database.","time":"2016-11-15T03:27:42.190Z","v":0}
{"name":"hexo","hostname":"bogon","pid":61381,"level":30,"msg":"Start processing","time":"2016-11-15T03:27:42.253Z","v":0}
{"name":"hexo","hostname":"bogon","pid":61381,"level":20,"msg":"Processed: \u001b[35m_posts/hello-world.md\u001b[39m","time":"2016-11-15T03:27:42.372Z","v":0}
{"name":"hexo","hostname":"bogon","pid":61381,"level":20,"msg":"Theme config loaded.","time":"2016-11-15T03:27:42.439Z","v":0}
{"name":"hexo","hostname":"bogon","pid":61381,"level":20,"msg":"Processed: \u001b[35m_config.yml\u001b[39m","time":"2016-11-15T03:27:42.447Z","v":0}
{"name":"hexo","hostname":"bogon","pid":61381,"level":20,"msg":"Processed: \u001b[35msource/css/main.styl\u001b[39m","time":"2016-11-15T03:27:42.448Z","v":0}
{"name":"hexo","hostname":"bogon","pid":61381,"level":20,"msg":"Processed: \u001b[35msource/images/cc-by-nc-nd.svg\u001b[39m","time":"2016-11-15T03:27:42.449Z","v":0}
{"name":"hexo","hostname":"bogon","pid":61381,"level":20,"msg":"Processed: \u001b[35msource/images/bkdefault_avatar.jpg\u001b[39m","time":"2016-11-15T03:27:42.450Z","v":0}
{"name":"hexo","hostname":"bogon","pid":61381,"level":20,"msg":"Processed: \u001b[35msource/images/cc-by-nc-sa.svg\u001b[39m","time":"2016-11-15T03:27:42.450Z","v":0}
{"name":"hexo","hostname":"bogon","pid":61381,"level":20,"msg":"Processed: \u001b[35msource/images/cc-by-nc.svg\u001b[39m","time":"2016-11-15T03:27:42.451Z","v":0}
{"name":"hexo","hostname":"bogon","pid":61381,"level":20,"msg":"Processed: \u001b[35msource/images/cc-by-nd.svg\u001b[39m","time":"2016-11-15T03:27:42.451Z","v":0}
{"name":"hexo","hostname":"bogon","pid":61381,"level":20,"msg":"Processed: \u001b[35msource/images/cc-by-sa.svg\u001b[39m","time":"2016-11-15T03:27:42.452Z","v":0}
{"name":"hexo","hostname":"bogon","pid":61381,"level":20,"msg":"Processed: \u001b[35msource/images/cc-by.svg\u001b[39m","time":"2016-11-15T03:27:42.455Z","v":0}
{"name":"hexo","hostname":"bogon","pid":61381,"level":20,"msg":"Processed: \u001b[35msource/images/cc-zero.svg\u001b[39m","time":"2016-11-15T03:27:42.459Z","v":0}
{"name":"hexo","hostname":"bogon","pid":61381,"level":20,"msg":"Processed: \u001b[35msource/images/loading.gif\u001b[39m","time":"2016-11-15T03:27:42.460Z","v":0}
{"name":"hexo","hostname":"bogon","pid":61381,"level":20,"msg":"Processed: \u001b[35msource/images/placeholder.gif\u001b[39m","time":"2016-11-15T03:27:42.461Z","v":0}
{"name":"hexo","hostname":"bogon","pid":61381,"level":20,"msg":"Processed: \u001b[35msource/images/searchicon.png\u001b[39m","time":"2016-11-15T03:27:42.462Z","v":0}
{"name":"hexo","hostname":"bogon","pid":61381,"level":20,"msg":"Processed: \u001b[35msource/js/bootstrap.scrollspy.js\u001b[39m","time":"2016-11-15T03:27:42.462Z","v":0}
{"name":"hexo","hostname":"bogon","pid":61381,"level":20,"msg":"Processed: \u001b[35msource/js/fancy-box.js\u001b[39m","time":"2016-11-15T03:27:42.463Z","v":0}
{"name":"hexo","hostname":"bogon","pid":61381,"level":20,"msg":"Processed: \u001b[35msource/js/helpers.js\u001b[39m","time":"2016-11-15T03:27:42.468Z","v":0}
{"name":"hexo","hostname":"bogon","pid":61381,"level":20,"msg":"Processed: \u001b[35msource/js/hook-duoshuo.js\u001b[39m","time":"2016-11-15T03:27:42.469Z","v":0}
{"name":"hexo","hostname":"bogon","pid":61381,"level":20,"msg":"Processed: \u001b[35msource/js/lazyload.js\u001b[39m","time":"2016-11-15T03:27:42.472Z","v":0}
{"name":"hexo","hostname":"bogon","pid":61381,"level":20,"msg":"Processed: \u001b[35msource/js/motion_fallback.js\u001b[39m","time":"2016-11-15T03:27:42.473Z","v":0}
{"name":"hexo","hostname":"bogon","pid":61381,"level":20,"msg":"Processed: \u001b[35msource/js/motion_global.js\u001b[39m","time":"2016-11-15T03:27:42.474Z","v":0}
{"name":"hexo","hostname":"bogon","pid":61381,"level":20,"msg":"Processed: \u001b[35msource/js/search-toggle.js\u001b[39m","time":"2016-11-15T03:27:42.475Z","v":0}
{"name":"hexo","hostname":"bogon","pid":61381,"level":20,"msg":"Processed: \u001b[35msource/js/ua-parser.min.js\u001b[39m","time":"2016-11-15T03:27:42.475Z","v":0}
{"name":"hexo","hostname":"bogon","pid":61381,"level":20,"msg":"Processed: \u001b[35mlayout/_layout.swig\u001b[39m","time":"2016-11-15T03:27:42.640Z","v":0}
{"name":"hexo","hostname":"bogon","pid":61381,"level":20,"msg":"Processed: \u001b[35mlayout/archive.swig\u001b[39m","time":"2016-11-15T03:27:42.640Z","v":0}
{"name":"hexo","hostname":"bogon","pid":61381,"level":20,"msg":"Processed: \u001b[35mlayout/index.swig\u001b[39m","time":"2016-11-15T03:27:42.640Z","v":0}
{"name":"hexo","hostname":"bogon","pid":61381,"level":20,"msg":"Processed: \u001b[35mlayout/category.swig\u001b[39m","time":"2016-11-15T03:27:42.640Z","v":0}
{"name":"hexo","hostname":"bogon","pid":61381,"level":20,"msg":"Processed: \u001b[35mlayout/page.swig\u001b[39m","time":"2016-11-15T03:27:42.641Z","v":0}
{"name":"hexo","hostname":"bogon","pid":61381,"level":20,"msg":"Processed: \u001b[35mlayout/post.swig\u001b[39m","time":"2016-11-15T03:27:42.641Z","v":0}
{"name":"hexo","hostname":"bogon","pid":61381,"level":20,"msg":"Processed: \u001b[35mlayout/tag.swig\u001b[39m","time":"2016-11-15T03:27:42.641Z","v":0}
{"name":"hexo","hostname":"bogon","pid":61381,"level":20,"msg":"Processed: \u001b[35mlanguages/de.yml\u001b[39m","time":"2016-11-15T03:27:42.647Z","v":0}
{"name":"hexo","hostname":"bogon","pid":61381,"level":20,"msg":"Processed: \u001b[35mlanguages/zh-Hans.yml\u001b[39m","time":"2016-11-15T03:27:42.648Z","v":0}
{"name":"hexo","hostname":"bogon","pid":61381,"level":20,"msg":"Processed: \u001b[35mlanguages/ru.yml\u001b[39m","time":"2016-11-15T03:27:42.648Z","v":0}
{"name":"hexo","hostname":"bogon","pid":61381,"level":20,"msg":"Processed: \u001b[35mlanguages/zh-tw.yml\u001b[39m","time":"2016-11-15T03:27:42.648Z","v":0}
{"name":"hexo","hostname":"bogon","pid":61381,"level":20,"msg":"Processed: \u001b[35mlanguages/zh-hk.yml\u001b[39m","time":"2016-11-15T03:27:42.648Z","v":0}
{"name":"hexo","hostname":"bogon","pid":61381,"level":20,"msg":"Processed: \u001b[35mlanguages/fr-FR.yml\u001b[39m","time":"2016-11-15T03:27:42.648Z","v":0}
{"name":"hexo","hostname":"bogon","pid":61381,"level":20,"msg":"Processed: \u001b[35mlanguages/default.yml\u001b[39m","time":"2016-11-15T03:27:42.648Z","v":0}
{"name":"hexo","hostname":"bogon","pid":61381,"level":20,"msg":"Processed: \u001b[35mlanguages/en.yml\u001b[39m","time":"2016-11-15T03:27:42.648Z","v":0}
{"name":"hexo","hostname":"bogon","pid":61381,"level":20,"msg":"Processed: \u001b[35msource/fonts/icon-default/icomoon.eot\u001b[39m","time":"2016-11-15T03:27:42.649Z","v":0}
{"name":"hexo","hostname":"bogon","pid":61381,"level":20,"msg":"Processed: \u001b[35msource/fonts/icon-default/icomoon.ttf\u001b[39m","time":"2016-11-15T03:27:42.649Z","v":0}
{"name":"hexo","hostname":"bogon","pid":61381,"level":20,"msg":"Processed: \u001b[35msource/fonts/icon-default/icomoon.woff\u001b[39m","time":"2016-11-15T03:27:42.649Z","v":0}
{"name":"hexo","hostname":"bogon","pid":61381,"level":20,"msg":"Processed: \u001b[35msource/fonts/icon-default/icomoon.svg\u001b[39m","time":"2016-11-15T03:27:42.650Z","v":0}
{"name":"hexo","hostname":"bogon","pid":61381,"level":20,"msg":"Processed: \u001b[35msource/fonts/icon-feather/icomoon.eot\u001b[39m","time":"2016-11-15T03:27:42.650Z","v":0}
{"name":"hexo","hostname":"bogon","pid":61381,"level":20,"msg":"Processed: \u001b[35msource/fonts/icon-fifty-shades/icomoon.eot\u001b[39m","time":"2016-11-15T03:27:42.651Z","v":0}
{"name":"hexo","hostname":"bogon","pid":61381,"level":20,"msg":"Processed: \u001b[35msource/fonts/icon-feather/icomoon.ttf\u001b[39m","time":"2016-11-15T03:27:42.652Z","v":0}
{"name":"hexo","hostname":"bogon","pid":61381,"level":20,"msg":"Processed: \u001b[35msource/fonts/icon-feather/icomoon.woff\u001b[39m","time":"2016-11-15T03:27:42.652Z","v":0}
{"name":"hexo","hostname":"bogon","pid":61381,"level":20,"msg":"Processed: \u001b[35msource/fonts/icon-feather/icomoon.svg\u001b[39m","time":"2016-11-15T03:27:42.653Z","v":0}
{"name":"hexo","hostname":"bogon","pid":61381,"level":20,"msg":"Processed: \u001b[35msource/fonts/icon-fifty-shades/icomoon.ttf\u001b[39m","time":"2016-11-15T03:27:42.654Z","v":0}
{"name":"hexo","hostname":"bogon","pid":61381,"level":20,"msg":"Processed: \u001b[35msource/fonts/icon-icomoon/icomoon.eot\u001b[39m","time":"2016-11-15T03:27:42.654Z","v":0}
{"name":"hexo","hostname":"bogon","pid":61381,"level":20,"msg":"Processed: \u001b[35msource/fonts/icon-fifty-shades/icomoon.svg\u001b[39m","time":"2016-11-15T03:27:42.654Z","v":0}
{"name":"hexo","hostname":"bogon","pid":61381,"level":20,"msg":"Processed: \u001b[35msource/fonts/icon-fifty-shades/icomoon.woff\u001b[39m","time":"2016-11-15T03:27:42.655Z","v":0}
{"name":"hexo","hostname":"bogon","pid":61381,"level":20,"msg":"Processed: \u001b[35msource/fonts/icon-icomoon/icomoon.svg\u001b[39m","time":"2016-11-15T03:27:42.655Z","v":0}
{"name":"hexo","hostname":"bogon","pid":61381,"level":20,"msg":"Processed: \u001b[35msource/fonts/icon-icomoon/icomoon.ttf\u001b[39m","time":"2016-11-15T03:27:42.656Z","v":0}
{"name":"hexo","hostname":"bogon","pid":61381,"level":20,"msg":"Processed: \u001b[35msource/fonts/icon-linecons/icomoon.eot\u001b[39m","time":"2016-11-15T03:27:42.656Z","v":0}
{"name":"hexo","hostname":"bogon","pid":61381,"level":20,"msg":"Processed: \u001b[35msource/fonts/icon-icomoon/icomoon.woff\u001b[39m","time":"2016-11-15T03:27:42.656Z","v":0}
{"name":"hexo","hostname":"bogon","pid":61381,"level":20,"msg":"Processed: \u001b[35msource/fonts/icon-linecons/icomoon.woff\u001b[39m","time":"2016-11-15T03:27:42.656Z","v":0}
{"name":"hexo","hostname":"bogon","pid":61381,"level":20,"msg":"Processed: \u001b[35msource/fonts/icon-linecons/icomoon.ttf\u001b[39m","time":"2016-11-15T03:27:42.656Z","v":0}
{"name":"hexo","hostname":"bogon","pid":61381,"level":20,"msg":"Processed: \u001b[35msource/vendors/velocity/bower.json\u001b[39m","time":"2016-11-15T03:27:42.657Z","v":0}
{"name":"hexo","hostname":"bogon","pid":61381,"level":20,"msg":"Processed: \u001b[35msource/vendors/velocity/velocity.min.js\u001b[39m","time":"2016-11-15T03:27:42.657Z","v":0}
{"name":"hexo","hostname":"bogon","pid":61381,"level":20,"msg":"Processed: \u001b[35msource/vendors/velocity/velocity.ui.min.js\u001b[39m","time":"2016-11-15T03:27:42.657Z","v":0}
{"name":"hexo","hostname":"bogon","pid":61381,"level":20,"msg":"Processed: \u001b[35msource/vendors/velocity/velocity.ui.js\u001b[39m","time":"2016-11-15T03:27:42.658Z","v":0}
{"name":"hexo","hostname":"bogon","pid":61381,"level":20,"msg":"Processed: \u001b[35msource/fonts/icon-linecons/icomoon.svg\u001b[39m","time":"2016-11-15T03:27:42.661Z","v":0}
{"name":"hexo","hostname":"bogon","pid":61381,"level":20,"msg":"Processed: \u001b[35msource/vendors/jquery/index.js\u001b[39m","time":"2016-11-15T03:27:42.661Z","v":0}
{"name":"hexo","hostname":"bogon","pid":61381,"level":20,"msg":"Processed: \u001b[35mlayout/_macro/post-collapse.swig\u001b[39m","time":"2016-11-15T03:27:42.692Z","v":0}
{"name":"hexo","hostname":"bogon","pid":61381,"level":20,"msg":"Processed: \u001b[35mlayout/_macro/post.swig\u001b[39m","time":"2016-11-15T03:27:42.692Z","v":0}
{"name":"hexo","hostname":"bogon","pid":61381,"level":20,"msg":"Processed: \u001b[35mlayout/_macro/sidebar.swig\u001b[39m","time":"2016-11-15T03:27:42.692Z","v":0}
{"name":"hexo","hostname":"bogon","pid":61381,"level":20,"msg":"Processed: \u001b[35mlayout/_partials/footer.swig\u001b[39m","time":"2016-11-15T03:27:42.693Z","v":0}
{"name":"hexo","hostname":"bogon","pid":61381,"level":20,"msg":"Processed: \u001b[35mlayout/_partials/head.swig\u001b[39m","time":"2016-11-15T03:27:42.693Z","v":0}
{"name":"hexo","hostname":"bogon","pid":61381,"level":20,"msg":"Processed: \u001b[35mlayout/_partials/header.swig\u001b[39m","time":"2016-11-15T03:27:42.694Z","v":0}
{"name":"hexo","hostname":"bogon","pid":61381,"level":20,"msg":"Processed: \u001b[35mlayout/_partials/old-browsers.swig\u001b[39m","time":"2016-11-15T03:27:42.694Z","v":0}
{"name":"hexo","hostname":"bogon","pid":61381,"level":20,"msg":"Processed: \u001b[35mlayout/_partials/pagination.swig\u001b[39m","time":"2016-11-15T03:27:42.694Z","v":0}
{"name":"hexo","hostname":"bogon","pid":61381,"level":20,"msg":"Processed: \u001b[35mlayout/_partials/search.swig\u001b[39m","time":"2016-11-15T03:27:42.694Z","v":0}
{"name":"hexo","hostname":"bogon","pid":61381,"level":20,"msg":"Processed: \u001b[35mlayout/_scripts/analytics.swig\u001b[39m","time":"2016-11-15T03:27:42.694Z","v":0}
{"name":"hexo","hostname":"bogon","pid":61381,"level":20,"msg":"Processed: \u001b[35mlayout/_scripts/bootstrap.scrollspy.swig\u001b[39m","time":"2016-11-15T03:27:42.694Z","v":0}
{"name":"hexo","hostname":"bogon","pid":61381,"level":20,"msg":"Processed: \u001b[35mlayout/_scripts/baidushare.swig\u001b[39m","time":"2016-11-15T03:27:42.694Z","v":0}
{"name":"hexo","hostname":"bogon","pid":61381,"level":20,"msg":"Processed: \u001b[35mlayout/_scripts/fancy-box.swig\u001b[39m","time":"2016-11-15T03:27:42.694Z","v":0}
{"name":"hexo","hostname":"bogon","pid":61381,"level":20,"msg":"Processed: \u001b[35mlayout/_scripts/mathjax.swig\u001b[39m","time":"2016-11-15T03:27:42.694Z","v":0}
{"name":"hexo","hostname":"bogon","pid":61381,"level":20,"msg":"Processed: \u001b[35mlayout/_scripts/motion.swig\u001b[39m","time":"2016-11-15T03:27:42.694Z","v":0}
{"name":"hexo","hostname":"bogon","pid":61381,"level":20,"msg":"Processed: \u001b[35mlayout/_scripts/helpers.swig\u001b[39m","time":"2016-11-15T03:27:42.694Z","v":0}
{"name":"hexo","hostname":"bogon","pid":61381,"level":20,"msg":"Processed: \u001b[35msource/vendors/fancybox/source/blank.gif\u001b[39m","time":"2016-11-15T03:27:42.704Z","v":0}
{"name":"hexo","hostname":"bogon","pid":61381,"level":20,"msg":"Processed: \u001b[35msource/vendors/fancybox/source/fancybox_overlay.png\u001b[39m","time":"2016-11-15T03:27:42.706Z","v":0}
{"name":"hexo","hostname":"bogon","pid":61381,"level":20,"msg":"Processed: \u001b[35msource/vendors/fancybox/source/fancybox_loading@2x.gif\u001b[39m","time":"2016-11-15T03:27:42.707Z","v":0}
{"name":"hexo","hostname":"bogon","pid":61381,"level":20,"msg":"Processed: \u001b[35msource/vendors/fancybox/source/fancybox_loading.gif\u001b[39m","time":"2016-11-15T03:27:42.707Z","v":0}
{"name":"hexo","hostname":"bogon","pid":61381,"level":20,"msg":"Processed: \u001b[35msource/vendors/fancybox/source/fancybox_sprite.png\u001b[39m","time":"2016-11-15T03:27:42.707Z","v":0}
{"name":"hexo","hostname":"bogon","pid":61381,"level":20,"msg":"Processed: \u001b[35msource/vendors/fancybox/source/fancybox_sprite@2x.png\u001b[39m","time":"2016-11-15T03:27:42.708Z","v":0}
{"name":"hexo","hostname":"bogon","pid":61381,"level":20,"msg":"Processed: \u001b[35msource/vendors/fancybox/source/jquery.fancybox.css\u001b[39m","time":"2016-11-15T03:27:42.708Z","v":0}
{"name":"hexo","hostname":"bogon","pid":61381,"level":20,"msg":"Processed: \u001b[35msource/vendors/fancybox/source/jquery.fancybox.js\u001b[39m","time":"2016-11-15T03:27:42.708Z","v":0}
{"name":"hexo","hostname":"bogon","pid":61381,"level":20,"msg":"Processed: \u001b[35msource/vendors/fancybox/source/jquery.fancybox.pack.js\u001b[39m","time":"2016-11-15T03:27:42.708Z","v":0}
{"name":"hexo","hostname":"bogon","pid":61381,"level":20,"msg":"Processed: \u001b[35msource/vendors/velocity/velocity.js\u001b[39m","time":"2016-11-15T03:27:42.714Z","v":0}
{"name":"hexo","hostname":"bogon","pid":61381,"level":20,"msg":"Processed: \u001b[35mlayout/_partials/search/swiftype.swig\u001b[39m","time":"2016-11-15T03:27:42.727Z","v":0}
{"name":"hexo","hostname":"bogon","pid":61381,"level":20,"msg":"Processed: \u001b[35mlayout/_partials/share/duoshuo_share.swig\u001b[39m","time":"2016-11-15T03:27:42.728Z","v":0}
{"name":"hexo","hostname":"bogon","pid":61381,"level":20,"msg":"Processed: \u001b[35mlayout/_partials/search/tinysou.swig\u001b[39m","time":"2016-11-15T03:27:42.728Z","v":0}
{"name":"hexo","hostname":"bogon","pid":61381,"level":20,"msg":"Processed: \u001b[35mlayout/_scripts/analytics/baidu-analytics.swig\u001b[39m","time":"2016-11-15T03:27:42.728Z","v":0}
{"name":"hexo","hostname":"bogon","pid":61381,"level":20,"msg":"Processed: \u001b[35mlayout/_scripts/analytics/google-analytics.swig\u001b[39m","time":"2016-11-15T03:27:42.728Z","v":0}
{"name":"hexo","hostname":"bogon","pid":61381,"level":20,"msg":"Processed: \u001b[35mlayout/_partials/share/jiathis.swig\u001b[39m","time":"2016-11-15T03:27:42.728Z","v":0}
{"name":"hexo","hostname":"bogon","pid":61381,"level":20,"msg":"Processed: \u001b[35mlayout/_scripts/comments/disqus.swig\u001b[39m","time":"2016-11-15T03:27:42.728Z","v":0}
{"name":"hexo","hostname":"bogon","pid":61381,"level":20,"msg":"Processed: \u001b[35mlayout/_scripts/comments/duoshuo.swig\u001b[39m","time":"2016-11-15T03:27:42.728Z","v":0}
{"name":"hexo","hostname":"bogon","pid":61381,"level":20,"msg":"Processed: \u001b[35mlayout/_scripts/pages/post-details.swig\u001b[39m","time":"2016-11-15T03:27:42.728Z","v":0}
{"name":"hexo","hostname":"bogon","pid":61381,"level":20,"msg":"Processed: \u001b[35msource/vendors/fancybox/source/helpers/fancybox_buttons.png\u001b[39m","time":"2016-11-15T03:27:42.730Z","v":0}
{"name":"hexo","hostname":"bogon","pid":61381,"level":20,"msg":"Processed: \u001b[35msource/vendors/fancybox/source/helpers/jquery.fancybox-buttons.css\u001b[39m","time":"2016-11-15T03:27:42.730Z","v":0}
{"name":"hexo","hostname":"bogon","pid":61381,"level":20,"msg":"Processed: \u001b[35msource/vendors/fancybox/source/helpers/jquery.fancybox-buttons.js\u001b[39m","time":"2016-11-15T03:27:42.731Z","v":0}
{"name":"hexo","hostname":"bogon","pid":61381,"level":20,"msg":"Processed: \u001b[35msource/vendors/fancybox/source/helpers/jquery.fancybox-thumbs.css\u001b[39m","time":"2016-11-15T03:27:42.732Z","v":0}
{"name":"hexo","hostname":"bogon","pid":61381,"level":20,"msg":"Processed: \u001b[35msource/vendors/fancybox/source/helpers/jquery.fancybox-thumbs.js\u001b[39m","time":"2016-11-15T03:27:42.733Z","v":0}
{"name":"hexo","hostname":"bogon","pid":61381,"level":20,"msg":"Processed: \u001b[35msource/vendors/fancybox/source/helpers/jquery.fancybox-media.js\u001b[39m","time":"2016-11-15T03:27:42.733Z","v":0}
{"name":"hexo","hostname":"bogon","pid":61381,"level":20,"msg":"Processed: \u001b[35mlanguages/id.yml\u001b[39m","time":"2016-11-15T03:27:42.746Z","v":0}
{"name":"hexo","hostname":"bogon","pid":61381,"level":20,"msg":"Processed: \u001b[35mlanguages/pt-BR.yml\u001b[39m","time":"2016-11-15T03:27:42.746Z","v":0}
{"name":"hexo","hostname":"bogon","pid":61381,"level":20,"msg":"Processed: \u001b[35mlanguages/ja.yml\u001b[39m","time":"2016-11-15T03:27:42.746Z","v":0}
{"name":"hexo","hostname":"bogon","pid":61381,"level":20,"msg":"Processed: \u001b[35mlanguages/ko.yml\u001b[39m","time":"2016-11-15T03:27:42.746Z","v":0}
{"name":"hexo","hostname":"bogon","pid":61381,"level":20,"msg":"Processed: \u001b[35mlanguages/pt.yml\u001b[39m","time":"2016-11-15T03:27:42.746Z","v":0}
{"name":"hexo","hostname":"bogon","pid":61381,"level":20,"msg":"Processed: \u001b[35mlayout/schedule.swig\u001b[39m","time":"2016-11-15T03:27:42.746Z","v":0}
{"name":"hexo","hostname":"bogon","pid":61381,"level":20,"msg":"Processed: \u001b[35mlayout/_custom/header.swig\u001b[39m","time":"2016-11-15T03:27:42.746Z","v":0}
{"name":"hexo","hostname":"bogon","pid":61381,"level":20,"msg":"Processed: \u001b[35mlayout/_custom/sidebar.swig\u001b[39m","time":"2016-11-15T03:27:42.746Z","v":0}
{"name":"hexo","hostname":"bogon","pid":61381,"level":20,"msg":"Processed: \u001b[35mlayout/_macro/reward.swig\u001b[39m","time":"2016-11-15T03:27:42.746Z","v":0}
{"name":"hexo","hostname":"bogon","pid":61381,"level":20,"msg":"Processed: \u001b[35mlayout/_partials/comments.swig\u001b[39m","time":"2016-11-15T03:27:42.746Z","v":0}
{"name":"hexo","hostname":"bogon","pid":61381,"level":20,"msg":"Processed: \u001b[35mlayout/_partials/duoshuo-hot-articles.swig\u001b[39m","time":"2016-11-15T03:27:42.747Z","v":0}
{"name":"hexo","hostname":"bogon","pid":61381,"level":20,"msg":"Processed: \u001b[35mlayout/_macro/wechat-subscriber.swig\u001b[39m","time":"2016-11-15T03:27:42.747Z","v":0}
{"name":"hexo","hostname":"bogon","pid":61381,"level":20,"msg":"Processed: \u001b[35mlayout/_partials/page-header.swig\u001b[39m","time":"2016-11-15T03:27:42.747Z","v":0}
{"name":"hexo","hostname":"bogon","pid":61381,"level":20,"msg":"Processed: \u001b[35mlayout/_scripts/baidu-push.swig\u001b[39m","time":"2016-11-15T03:27:42.747Z","v":0}
{"name":"hexo","hostname":"bogon","pid":61381,"level":20,"msg":"Processed: \u001b[35mlayout/_scripts/commons.swig\u001b[39m","time":"2016-11-15T03:27:42.748Z","v":0}
{"name":"hexo","hostname":"bogon","pid":61381,"level":20,"msg":"Processed: \u001b[35mlayout/_scripts/boostrap.swig\u001b[39m","time":"2016-11-15T03:27:42.748Z","v":0}
{"name":"hexo","hostname":"bogon","pid":61381,"level":20,"msg":"Processed: \u001b[35mlayout/_scripts/vendors.swig\u001b[39m","time":"2016-11-15T03:27:42.748Z","v":0}
{"name":"hexo","hostname":"bogon","pid":61381,"level":20,"msg":"Processed: \u001b[35msource/images/avatar.gif\u001b[39m","time":"2016-11-15T03:27:42.748Z","v":0}
{"name":"hexo","hostname":"bogon","pid":61381,"level":20,"msg":"Processed: \u001b[35msource/images/algolia_logo.svg\u001b[39m","time":"2016-11-15T03:27:42.748Z","v":0}
{"name":"hexo","hostname":"bogon","pid":61381,"level":20,"msg":"Processed: \u001b[35msource/images/quote-l.svg\u001b[39m","time":"2016-11-15T03:27:42.748Z","v":0}
{"name":"hexo","hostname":"bogon","pid":61381,"level":20,"msg":"Processed: \u001b[35msource/images/quote-r.svg\u001b[39m","time":"2016-11-15T03:27:42.749Z","v":0}
{"name":"hexo","hostname":"bogon","pid":61381,"level":20,"msg":"Processed: \u001b[35mlayout/_scripts/schemes/mist.swig\u001b[39m","time":"2016-11-15T03:27:42.750Z","v":0}
{"name":"hexo","hostname":"bogon","pid":61381,"level":20,"msg":"Processed: \u001b[35mlayout/_scripts/schemes/muse.swig\u001b[39m","time":"2016-11-15T03:27:42.750Z","v":0}
{"name":"hexo","hostname":"bogon","pid":61381,"level":20,"msg":"Processed: \u001b[35mlayout/_components/algolia-search/assets.swig\u001b[39m","time":"2016-11-15T03:27:42.750Z","v":0}
{"name":"hexo","hostname":"bogon","pid":61381,"level":20,"msg":"Processed: \u001b[35mlayout/_components/algolia-search/dom.swig\u001b[39m","time":"2016-11-15T03:27:42.751Z","v":0}
{"name":"hexo","hostname":"bogon","pid":61381,"level":20,"msg":"Processed: \u001b[35mlayout/_partials/head/custom-head.swig\u001b[39m","time":"2016-11-15T03:27:42.751Z","v":0}
{"name":"hexo","hostname":"bogon","pid":61381,"level":20,"msg":"Processed: \u001b[35mlayout/_partials/head/external-fonts.swig\u001b[39m","time":"2016-11-15T03:27:42.751Z","v":0}
{"name":"hexo","hostname":"bogon","pid":61381,"level":20,"msg":"Processed: \u001b[35mlayout/_partials/search/localsearch.swig\u001b[39m","time":"2016-11-15T03:27:42.751Z","v":0}
{"name":"hexo","hostname":"bogon","pid":61381,"level":20,"msg":"Processed: \u001b[35mlayout/_partials/share/add-this.swig\u001b[39m","time":"2016-11-15T03:27:42.751Z","v":0}
{"name":"hexo","hostname":"bogon","pid":61381,"level":20,"msg":"Processed: \u001b[35mlayout/_partials/share/baidushare.swig\u001b[39m","time":"2016-11-15T03:27:42.752Z","v":0}
{"name":"hexo","hostname":"bogon","pid":61381,"level":20,"msg":"Processed: \u001b[35mlayout/_scripts/schemes/pisces.swig\u001b[39m","time":"2016-11-15T03:27:42.752Z","v":0}
{"name":"hexo","hostname":"bogon","pid":61381,"level":20,"msg":"Processed: \u001b[35mlayout/_scripts/third-party/analytics.swig\u001b[39m","time":"2016-11-15T03:27:42.752Z","v":0}
{"name":"hexo","hostname":"bogon","pid":61381,"level":20,"msg":"Processed: \u001b[35mlayout/_scripts/third-party/comments.swig\u001b[39m","time":"2016-11-15T03:27:42.752Z","v":0}
{"name":"hexo","hostname":"bogon","pid":61381,"level":20,"msg":"Processed: \u001b[35mlayout/_scripts/third-party/lean-analytics.swig\u001b[39m","time":"2016-11-15T03:27:42.752Z","v":0}
{"name":"hexo","hostname":"bogon","pid":61381,"level":20,"msg":"Processed: \u001b[35mlayout/_scripts/third-party/mathjax.swig\u001b[39m","time":"2016-11-15T03:27:42.752Z","v":0}
{"name":"hexo","hostname":"bogon","pid":61381,"level":20,"msg":"Processed: \u001b[35mlayout/_scripts/third-party/localsearch.swig\u001b[39m","time":"2016-11-15T03:27:42.752Z","v":0}
{"name":"hexo","hostname":"bogon","pid":61381,"level":20,"msg":"Processed: \u001b[35mlayout/_scripts/third-party/tinysou.swig\u001b[39m","time":"2016-11-15T03:27:42.752Z","v":0}
{"name":"hexo","hostname":"bogon","pid":61381,"level":20,"msg":"Processed: \u001b[35mlayout/_scripts/third-party/schedule.swig\u001b[39m","time":"2016-11-15T03:27:42.752Z","v":0}
{"name":"hexo","hostname":"bogon","pid":61381,"level":20,"msg":"Processed: \u001b[35msource/js/src/bootstrap.js\u001b[39m","time":"2016-11-15T03:27:42.752Z","v":0}
{"name":"hexo","hostname":"bogon","pid":61381,"level":20,"msg":"Processed: \u001b[35msource/js/src/motion.js\u001b[39m","time":"2016-11-15T03:27:42.752Z","v":0}
{"name":"hexo","hostname":"bogon","pid":61381,"level":20,"msg":"Processed: \u001b[35msource/js/src/post-details.js\u001b[39m","time":"2016-11-15T03:27:42.752Z","v":0}
{"name":"hexo","hostname":"bogon","pid":61381,"level":20,"msg":"Processed: \u001b[35msource/js/src/algolia-search.js\u001b[39m","time":"2016-11-15T03:27:42.752Z","v":0}
{"name":"hexo","hostname":"bogon","pid":61381,"level":20,"msg":"Processed: \u001b[35msource/js/src/affix.js\u001b[39m","time":"2016-11-15T03:27:42.753Z","v":0}
{"name":"hexo","hostname":"bogon","pid":61381,"level":20,"msg":"Processed: \u001b[35msource/js/src/hook-duoshuo.js\u001b[39m","time":"2016-11-15T03:27:42.753Z","v":0}
{"name":"hexo","hostname":"bogon","pid":61381,"level":20,"msg":"Processed: \u001b[35msource/js/src/utils.js\u001b[39m","time":"2016-11-15T03:27:42.753Z","v":0}
{"name":"hexo","hostname":"bogon","pid":61381,"level":20,"msg":"Processed: \u001b[35msource/js/src/scrollspy.js\u001b[39m","time":"2016-11-15T03:27:42.753Z","v":0}
{"name":"hexo","hostname":"bogon","pid":61381,"level":20,"msg":"Processed: \u001b[35msource/lib/algolia-instant-search/instantsearch.min.css\u001b[39m","time":"2016-11-15T03:27:42.753Z","v":0}
{"name":"hexo","hostname":"bogon","pid":61381,"level":20,"msg":"Processed: \u001b[35msource/lib/fastclick/LICENSE\u001b[39m","time":"2016-11-15T03:27:42.753Z","v":0}
{"name":"hexo","hostname":"bogon","pid":61381,"level":20,"msg":"Processed: \u001b[35msource/lib/fastclick/README.md\u001b[39m","time":"2016-11-15T03:27:42.753Z","v":0}
{"name":"hexo","hostname":"bogon","pid":61381,"level":20,"msg":"Processed: \u001b[35msource/lib/fastclick/bower.json\u001b[39m","time":"2016-11-15T03:27:42.753Z","v":0}
{"name":"hexo","hostname":"bogon","pid":61381,"level":20,"msg":"Processed: \u001b[35msource/lib/font-awesome/HELP-US-OUT.txt\u001b[39m","time":"2016-11-15T03:27:42.753Z","v":0}
{"name":"hexo","hostname":"bogon","pid":61381,"level":20,"msg":"Processed: \u001b[35msource/lib/font-awesome/bower.json\u001b[39m","time":"2016-11-15T03:27:42.753Z","v":0}
{"name":"hexo","hostname":"bogon","pid":61381,"level":20,"msg":"Processed: \u001b[35msource/lib/jquery_lazyload/CONTRIBUTING.md\u001b[39m","time":"2016-11-15T03:27:42.753Z","v":0}
{"name":"hexo","hostname":"bogon","pid":61381,"level":20,"msg":"Processed: \u001b[35msource/lib/jquery_lazyload/bower.json\u001b[39m","time":"2016-11-15T03:27:42.753Z","v":0}
{"name":"hexo","hostname":"bogon","pid":61381,"level":20,"msg":"Processed: \u001b[35msource/lib/jquery_lazyload/README.md\u001b[39m","time":"2016-11-15T03:27:42.753Z","v":0}
{"name":"hexo","hostname":"bogon","pid":61381,"level":20,"msg":"Processed: \u001b[35msource/lib/jquery_lazyload/jquery.scrollstop.js\u001b[39m","time":"2016-11-15T03:27:42.753Z","v":0}
{"name":"hexo","hostname":"bogon","pid":61381,"level":20,"msg":"Processed: \u001b[35msource/lib/jquery_lazyload/jquery.lazyload.js\u001b[39m","time":"2016-11-15T03:27:42.754Z","v":0}
{"name":"hexo","hostname":"bogon","pid":61381,"level":20,"msg":"Processed: \u001b[35msource/lib/velocity/bower.json\u001b[39m","time":"2016-11-15T03:27:42.754Z","v":0}
{"name":"hexo","hostname":"bogon","pid":61381,"level":20,"msg":"Processed: \u001b[35msource/lib/velocity/velocity.ui.js\u001b[39m","time":"2016-11-15T03:27:42.754Z","v":0}
{"name":"hexo","hostname":"bogon","pid":61381,"level":20,"msg":"Processed: \u001b[35msource/lib/velocity/velocity.min.js\u001b[39m","time":"2016-11-15T03:27:42.754Z","v":0}
{"name":"hexo","hostname":"bogon","pid":61381,"level":20,"msg":"Processed: \u001b[35msource/lib/velocity/velocity.ui.min.js\u001b[39m","time":"2016-11-15T03:27:42.754Z","v":0}
{"name":"hexo","hostname":"bogon","pid":61381,"level":20,"msg":"Processed: \u001b[35msource/lib/jquery/index.js\u001b[39m","time":"2016-11-15T03:27:42.754Z","v":0}
{"name":"hexo","hostname":"bogon","pid":61381,"level":20,"msg":"Processed: \u001b[35mlayout/_scripts/third-party/analytics/baidu-analytics.swig\u001b[39m","time":"2016-11-15T03:27:42.754Z","v":0}
{"name":"hexo","hostname":"bogon","pid":61381,"level":20,"msg":"Processed: \u001b[35mlayout/_scripts/third-party/analytics/busuanzi-counter.swig\u001b[39m","time":"2016-11-15T03:27:42.754Z","v":0}
{"name":"hexo","hostname":"bogon","pid":61381,"level":20,"msg":"Processed: \u001b[35mlayout/_scripts/third-party/analytics/cnzz-analytics.swig\u001b[39m","time":"2016-11-15T03:27:42.754Z","v":0}
{"name":"hexo","hostname":"bogon","pid":61381,"level":20,"msg":"Processed: \u001b[35mlayout/_scripts/third-party/analytics/facebook-sdk.swig\u001b[39m","time":"2016-11-15T03:27:42.754Z","v":0}
{"name":"hexo","hostname":"bogon","pid":61381,"level":20,"msg":"Processed: \u001b[35mlayout/_scripts/third-party/analytics/google-analytics.swig\u001b[39m","time":"2016-11-15T03:27:42.754Z","v":0}
{"name":"hexo","hostname":"bogon","pid":61381,"level":20,"msg":"Processed: \u001b[35mlayout/_scripts/third-party/analytics/tencent-analytics.swig\u001b[39m","time":"2016-11-15T03:27:42.754Z","v":0}
{"name":"hexo","hostname":"bogon","pid":61381,"level":20,"msg":"Processed: \u001b[35mlayout/_scripts/third-party/comments/disqus.swig\u001b[39m","time":"2016-11-15T03:27:42.754Z","v":0}
{"name":"hexo","hostname":"bogon","pid":61381,"level":20,"msg":"Processed: \u001b[35mlayout/_scripts/third-party/comments/duoshuo.swig\u001b[39m","time":"2016-11-15T03:27:42.754Z","v":0}
{"name":"hexo","hostname":"bogon","pid":61381,"level":20,"msg":"Processed: \u001b[35mlayout/_scripts/third-party/comments/hypercomments.swig\u001b[39m","time":"2016-11-15T03:27:42.755Z","v":0}
{"name":"hexo","hostname":"bogon","pid":61381,"level":20,"msg":"Processed: \u001b[35msource/lib/fancybox/source/blank.gif\u001b[39m","time":"2016-11-15T03:27:42.755Z","v":0}
{"name":"hexo","hostname":"bogon","pid":61381,"level":20,"msg":"Processed: \u001b[35msource/js/src/schemes/pisces.js\u001b[39m","time":"2016-11-15T03:27:42.755Z","v":0}
{"name":"hexo","hostname":"bogon","pid":61381,"level":20,"msg":"Processed: \u001b[35msource/lib/fancybox/source/fancybox_loading@2x.gif\u001b[39m","time":"2016-11-15T03:27:42.755Z","v":0}
{"name":"hexo","hostname":"bogon","pid":61381,"level":20,"msg":"Processed: \u001b[35msource/lib/fancybox/source/fancybox_loading.gif\u001b[39m","time":"2016-11-15T03:27:42.755Z","v":0}
{"name":"hexo","hostname":"bogon","pid":61381,"level":20,"msg":"Processed: \u001b[35msource/lib/fancybox/source/jquery.fancybox.css\u001b[39m","time":"2016-11-15T03:27:42.755Z","v":0}
{"name":"hexo","hostname":"bogon","pid":61381,"level":20,"msg":"Processed: \u001b[35msource/lib/fancybox/source/fancybox_sprite.png\u001b[39m","time":"2016-11-15T03:27:42.755Z","v":0}
{"name":"hexo","hostname":"bogon","pid":61381,"level":20,"msg":"Processed: \u001b[35msource/lib/fancybox/source/fancybox_overlay.png\u001b[39m","time":"2016-11-15T03:27:42.755Z","v":0}
{"name":"hexo","hostname":"bogon","pid":61381,"level":20,"msg":"Processed: \u001b[35msource/lib/fancybox/source/fancybox_sprite@2x.png\u001b[39m","time":"2016-11-15T03:27:42.755Z","v":0}
{"name":"hexo","hostname":"bogon","pid":61381,"level":20,"msg":"Processed: \u001b[35msource/lib/fastclick/lib/fastclick.min.js\u001b[39m","time":"2016-11-15T03:27:42.756Z","v":0}
{"name":"hexo","hostname":"bogon","pid":61381,"level":20,"msg":"Processed: \u001b[35msource/lib/fancybox/source/jquery.fancybox.pack.js\u001b[39m","time":"2016-11-15T03:27:42.756Z","v":0}
{"name":"hexo","hostname":"bogon","pid":61381,"level":20,"msg":"Processed: \u001b[35msource/lib/fastclick/lib/fastclick.js\u001b[39m","time":"2016-11-15T03:27:42.756Z","v":0}
{"name":"hexo","hostname":"bogon","pid":61381,"level":20,"msg":"Processed: \u001b[35msource/lib/fancybox/source/jquery.fancybox.js\u001b[39m","time":"2016-11-15T03:27:42.756Z","v":0}
{"name":"hexo","hostname":"bogon","pid":61381,"level":20,"msg":"Processed: \u001b[35msource/lib/font-awesome/css/font-awesome.css.map\u001b[39m","time":"2016-11-15T03:27:42.756Z","v":0}
{"name":"hexo","hostname":"bogon","pid":61381,"level":20,"msg":"Processed: \u001b[35msource/lib/font-awesome/css/font-awesome.css\u001b[39m","time":"2016-11-15T03:27:42.756Z","v":0}
{"name":"hexo","hostname":"bogon","pid":61381,"level":20,"msg":"Processed: \u001b[35msource/lib/font-awesome/css/font-awesome.min.css\u001b[39m","time":"2016-11-15T03:27:42.756Z","v":0}
{"name":"hexo","hostname":"bogon","pid":61381,"level":20,"msg":"Processed: \u001b[35msource/lib/ua-parser-js/dist/ua-parser.min.js\u001b[39m","time":"2016-11-15T03:27:42.756Z","v":0}
{"name":"hexo","hostname":"bogon","pid":61381,"level":20,"msg":"Processed: \u001b[35msource/lib/ua-parser-js/dist/ua-parser.pack.js\u001b[39m","time":"2016-11-15T03:27:42.756Z","v":0}
{"name":"hexo","hostname":"bogon","pid":61381,"level":20,"msg":"Processed: \u001b[35msource/lib/font-awesome/fonts/fontawesome-webfont.eot\u001b[39m","time":"2016-11-15T03:27:42.756Z","v":0}
{"name":"hexo","hostname":"bogon","pid":61381,"level":20,"msg":"Processed: \u001b[35msource/lib/font-awesome/fonts/FontAwesome.otf\u001b[39m","time":"2016-11-15T03:27:42.756Z","v":0}
{"name":"hexo","hostname":"bogon","pid":61381,"level":20,"msg":"Processed: \u001b[35msource/lib/font-awesome/fonts/fontawesome-webfont.woff2\u001b[39m","time":"2016-11-15T03:27:42.756Z","v":0}
{"name":"hexo","hostname":"bogon","pid":61381,"level":20,"msg":"Processed: \u001b[35msource/lib/font-awesome/fonts/fontawesome-webfont.woff\u001b[39m","time":"2016-11-15T03:27:42.757Z","v":0}
{"name":"hexo","hostname":"bogon","pid":61381,"level":20,"msg":"Processed: \u001b[35msource/lib/velocity/velocity.js\u001b[39m","time":"2016-11-15T03:27:42.757Z","v":0}
{"name":"hexo","hostname":"bogon","pid":61381,"level":20,"msg":"Processed: \u001b[35msource/lib/fancybox/source/helpers/fancybox_buttons.png\u001b[39m","time":"2016-11-15T03:27:42.757Z","v":0}
{"name":"hexo","hostname":"bogon","pid":61381,"level":20,"msg":"Processed: \u001b[35msource/lib/fancybox/source/helpers/jquery.fancybox-media.js\u001b[39m","time":"2016-11-15T03:27:42.757Z","v":0}
{"name":"hexo","hostname":"bogon","pid":61381,"level":20,"msg":"Processed: \u001b[35msource/lib/fancybox/source/helpers/jquery.fancybox-buttons.css\u001b[39m","time":"2016-11-15T03:27:42.757Z","v":0}
{"name":"hexo","hostname":"bogon","pid":61381,"level":20,"msg":"Processed: \u001b[35msource/lib/fancybox/source/helpers/jquery.fancybox-buttons.js\u001b[39m","time":"2016-11-15T03:27:42.757Z","v":0}
{"name":"hexo","hostname":"bogon","pid":61381,"level":20,"msg":"Processed: \u001b[35msource/lib/fancybox/source/helpers/jquery.fancybox-thumbs.css\u001b[39m","time":"2016-11-15T03:27:42.757Z","v":0}
{"name":"hexo","hostname":"bogon","pid":61381,"level":20,"msg":"Processed: \u001b[35msource/lib/fancybox/source/helpers/jquery.fancybox-thumbs.js\u001b[39m","time":"2016-11-15T03:27:42.757Z","v":0}
{"name":"hexo","hostname":"bogon","pid":61381,"level":20,"msg":"Processed: \u001b[35msource/lib/font-awesome/fonts/fontawesome-webfont.ttf\u001b[39m","time":"2016-11-15T03:27:42.757Z","v":0}
{"name":"hexo","hostname":"bogon","pid":61381,"level":20,"msg":"Processed: \u001b[35msource/lib/algolia-instant-search/instantsearch.min.js\u001b[39m","time":"2016-11-15T03:27:42.757Z","v":0}
{"name":"hexo","hostname":"bogon","pid":61381,"level":20,"msg":"Processed: \u001b[35msource/lib/font-awesome/fonts/fontawesome-webfont.svg\u001b[39m","time":"2016-11-15T03:27:42.757Z","v":0}
{"name":"hexo","hostname":"bogon","pid":61381,"level":20,"msg":"Generator: \u001b[35mpage\u001b[39m","time":"2016-11-15T03:27:42.812Z","v":0}
{"name":"hexo","hostname":"bogon","pid":61381,"level":20,"msg":"Generator: \u001b[35mpost\u001b[39m","time":"2016-11-15T03:27:42.812Z","v":0}
{"name":"hexo","hostname":"bogon","pid":61381,"level":20,"msg":"Generator: \u001b[35marchive\u001b[39m","time":"2016-11-15T03:27:42.813Z","v":0}
{"name":"hexo","hostname":"bogon","pid":61381,"level":20,"msg":"Generator: \u001b[35mindex\u001b[39m","time":"2016-11-15T03:27:42.813Z","v":0}
{"name":"hexo","hostname":"bogon","pid":61381,"level":20,"msg":"Generator: \u001b[35mcategory\u001b[39m","time":"2016-11-15T03:27:42.813Z","v":0}
{"name":"hexo","hostname":"bogon","pid":61381,"level":20,"msg":"Generator: \u001b[35mtag\u001b[39m","time":"2016-11-15T03:27:42.813Z","v":0}
{"name":"hexo","hostname":"bogon","pid":61381,"level":20,"msg":"Generator: \u001b[35masset\u001b[39m","time":"2016-11-15T03:27:42.815Z","v":0}
{"name":"hexo","hostname":"bogon","pid":61381,"level":30,"msg":"Hexo is running at \u001b[4mhttp://localhost:4000/\u001b[24m. Press Ctrl+C to stop.","time":"2016-11-15T03:27:42.824Z","v":0}
{"name":"hexo","hostname":"bogon","pid":61381,"level":20,"msg":"Database saved","time":"2016-11-15T03:27:42.842Z","v":0}
{"name":"hexo","hostname":"bogon","pid":61381,"level":20,"msg":"Rendering index: \u001b[35mindex.html\u001b[39m","time":"2016-11-15T03:27:49.441Z","v":0}
{"name":"hexo","hostname":"qianjianengMacBook-Pro.local","pid":15351,"level":20,"msg":"Hexo version: \u001b[35m3.2.2\u001b[39m","time":"2016-11-15T14:16:33.402Z","v":0}
{"name":"hexo","hostname":"qianjianengMacBook-Pro.local","pid":15351,"level":20,"msg":"Working directory: \u001b[35m~/Documents/next/blog/\u001b[39m","time":"2016-11-15T14:16:33.404Z","v":0}
{"name":"hexo","hostname":"qianjianengMacBook-Pro.local","pid":15351,"level":20,"msg":"Config loaded: \u001b[35m~/Documents/next/blog/_config.yml\u001b[39m","time":"2016-11-15T14:16:33.499Z","v":0}
{"name":"hexo","hostname":"qianjianengMacBook-Pro.local","pid":15351,"level":20,"msg":"Plugin loaded: \u001b[35mhexo-deployer-git\u001b[39m","time":"2016-11-15T14:16:33.509Z","v":0}
{"name":"hexo","hostname":"qianjianengMacBook-Pro.local","pid":15351,"level":20,"msg":"Plugin loaded: \u001b[35mhexo-generator-archive\u001b[39m","time":"2016-11-15T14:16:33.512Z","v":0}
{"name":"hexo","hostname":"qianjianengMacBook-Pro.local","pid":15351,"level":20,"msg":"Plugin loaded: \u001b[35mhexo-generator-category\u001b[39m","time":"2016-11-15T14:16:33.513Z","v":0}
{"name":"hexo","hostname":"qianjianengMacBook-Pro.local","pid":15351,"level":20,"msg":"Plugin loaded: \u001b[35mhexo-generator-index\u001b[39m","time":"2016-11-15T14:16:33.515Z","v":0}
{"name":"hexo","hostname":"qianjianengMacBook-Pro.local","pid":15351,"level":20,"msg":"Plugin loaded: \u001b[35mhexo-generator-tag\u001b[39m","time":"2016-11-15T14:16:33.516Z","v":0}
{"name":"hexo","hostname":"qianjianengMacBook-Pro.local","pid":15351,"level":20,"msg":"Plugin loaded: \u001b[35mhexo-renderer-ejs\u001b[39m","time":"2016-11-15T14:16:33.518Z","v":0}
{"name":"hexo","hostname":"qianjianengMacBook-Pro.local","pid":15351,"level":20,"msg":"Plugin loaded: \u001b[35mhexo-renderer-marked\u001b[39m","time":"2016-11-15T14:16:33.523Z","v":0}
{"name":"hexo","hostname":"qianjianengMacBook-Pro.local","pid":15351,"level":20,"msg":"Plugin loaded: \u001b[35mhexo-renderer-stylus\u001b[39m","time":"2016-11-15T14:16:33.524Z","v":0}
{"name":"hexo","hostname":"qianjianengMacBook-Pro.local","pid":15351,"level":20,"msg":"Plugin loaded: \u001b[35mhexo-server\u001b[39m","time":"2016-11-15T14:16:33.578Z","v":0}
{"name":"hexo","hostname":"qianjianengMacBook-Pro.local","pid":15351,"level":20,"msg":"Loading database.","time":"2016-11-15T14:16:33.587Z","v":0}
{"name":"hexo","hostname":"qianjianengMacBook-Pro.local","pid":15351,"level":30,"msg":"Start processing","time":"2016-11-15T14:16:33.619Z","v":0}
{"name":"hexo","hostname":"qianjianengMacBook-Pro.local","pid":15351,"level":20,"msg":"Processed: \u001b[35m_posts/hello-world.md\u001b[39m","time":"2016-11-15T14:16:33.643Z","v":0}
{"name":"hexo","hostname":"qianjianengMacBook-Pro.local","pid":15351,"level":20,"msg":"Generator: \u001b[35mpage\u001b[39m","time":"2016-11-15T14:16:33.703Z","v":0}
{"name":"hexo","hostname":"qianjianengMacBook-Pro.local","pid":15351,"level":20,"msg":"Generator: \u001b[35mpost\u001b[39m","time":"2016-11-15T14:16:33.703Z","v":0}
{"name":"hexo","hostname":"qianjianengMacBook-Pro.local","pid":15351,"level":20,"msg":"Generator: \u001b[35marchive\u001b[39m","time":"2016-11-15T14:16:33.704Z","v":0}
{"name":"hexo","hostname":"qianjianengMacBook-Pro.local","pid":15351,"level":20,"msg":"Generator: \u001b[35mcategory\u001b[39m","time":"2016-11-15T14:16:33.704Z","v":0}
{"name":"hexo","hostname":"qianjianengMacBook-Pro.local","pid":15351,"level":20,"msg":"Generator: \u001b[35mindex\u001b[39m","time":"2016-11-15T14:16:33.704Z","v":0}
{"name":"hexo","hostname":"qianjianengMacBook-Pro.local","pid":15351,"level":20,"msg":"Generator: \u001b[35mtag\u001b[39m","time":"2016-11-15T14:16:33.705Z","v":0}
{"name":"hexo","hostname":"qianjianengMacBook-Pro.local","pid":15351,"level":20,"msg":"Generator: \u001b[35masset\u001b[39m","time":"2016-11-15T14:16:33.705Z","v":0}
{"name":"hexo","hostname":"qianjianengMacBook-Pro.local","pid":15351,"level":30,"msg":"Hexo is running at \u001b[4mhttp://localhost:4000/\u001b[24m. Press Ctrl+C to stop.","time":"2016-11-15T14:16:33.708Z","v":0}
{"name":"hexo","hostname":"qianjianengMacBook-Pro.local","pid":15351,"level":20,"msg":"Database saved","time":"2016-11-15T14:16:33.714Z","v":0}
{"name":"hexo","hostname":"qianjianengMacBook-Pro.local","pid":15351,"level":40,"msg":"No layout: \u001b[35mindex.html\u001b[39m","time":"2016-11-15T14:16:45.812Z","v":0}
{"name":"hexo","hostname":"qianjianengMacBook-Pro.local","pid":15351,"level":40,"msg":"No layout: \u001b[35mindex.html\u001b[39m","time":"2016-11-15T14:16:47.086Z","v":0}
{"name":"hexo","hostname":"qianjianengMacBook-Pro.local","pid":15351,"level":40,"msg":"No layout: \u001b[35mindex.html\u001b[39m","time":"2016-11-15T14:16:47.969Z","v":0}
{"name":"hexo","hostname":"qianjianengMacBook-Pro.local","pid":15351,"level":40,"msg":"No layout: \u001b[35mindex.html\u001b[39m","time":"2016-11-15T14:16:48.859Z","v":0}
{"name":"hexo","hostname":"qianjianengMacBook-Pro.local","pid":15351,"level":40,"msg":"No layout: \u001b[35mindex.html\u001b[39m","time":"2016-11-15T14:16:49.915Z","v":0}
{"name":"hexo","hostname":"qianjianengMacBook-Pro.local","pid":15351,"level":40,"msg":"No layout: \u001b[35mindex.html\u001b[39m","time":"2016-11-15T14:16:51.021Z","v":0}
{"name":"hexo","hostname":"qianjianengMacBook-Pro.local","pid":15351,"level":40,"msg":"No layout: \u001b[35mindex.html\u001b[39m","time":"2016-11-15T14:16:52.054Z","v":0}
{"name":"hexo","hostname":"qianjianengMacBook-Pro.local","pid":15351,"level":40,"msg":"No layout: \u001b[35mindex.html\u001b[39m","time":"2016-11-15T14:16:53.139Z","v":0}
{"name":"hexo","hostname":"qianjianengMacBook-Pro.local","pid":15351,"level":20,"msg":"Processed: \u001b[35m_posts/一分钟学会环形进度条.md\u001b[39m","time":"2016-11-15T14:17:32.323Z","v":0}
{"name":"hexo","hostname":"qianjianengMacBook-Pro.local","pid":15351,"level":20,"msg":"Processed: \u001b[35m_posts/github ssh key问题.md\u001b[39m","time":"2016-11-15T14:17:32.325Z","v":0}
{"name":"hexo","hostname":"qianjianengMacBook-Pro.local","pid":15351,"level":20,"msg":"Processed: \u001b[35m_posts/iOS缓存机制-非结构化存储.md\u001b[39m","time":"2016-11-15T14:17:32.345Z","v":0}
{"name":"hexo","hostname":"qianjianengMacBook-Pro.local","pid":15351,"level":20,"msg":"Processed: \u001b[35m_posts/iOS卡顿监控.md\u001b[39m","time":"2016-11-15T14:17:32.353Z","v":0}
{"name":"hexo","hostname":"qianjianengMacBook-Pro.local","pid":15351,"level":20,"msg":"Processed: \u001b[35m_posts/iOS开发小技巧.md\u001b[39m","time":"2016-11-15T14:17:32.361Z","v":0}
{"name":"hexo","hostname":"qianjianengMacBook-Pro.local","pid":15351,"level":20,"msg":"Processed: \u001b[35m_posts/iOS三种录制视频方式.md\u001b[39m","time":"2016-11-15T14:17:32.369Z","v":0}
{"name":"hexo","hostname":"qianjianengMacBook-Pro.local","pid":15351,"level":20,"msg":"Processed: \u001b[35m_posts/IOS10语音识别详解.md\u001b[39m","time":"2016-11-15T14:17:32.371Z","v":0}
{"name":"hexo","hostname":"qianjianengMacBook-Pro.local","pid":15351,"level":20,"msg":"Processed: \u001b[35m_posts/iOS视频边下边播-缓存视频数据流.md\u001b[39m","time":"2016-11-15T14:17:32.376Z","v":0}
{"name":"hexo","hostname":"qianjianengMacBook-Pro.local","pid":15351,"level":20,"msg":"Processed: \u001b[35m_posts/runtime详解.md\u001b[39m","time":"2016-11-15T14:17:32.388Z","v":0}
{"name":"hexo","hostname":"qianjianengMacBook-Pro.local","pid":15351,"level":20,"msg":"Processed: \u001b[35m_posts/自定义刷新控件.md\u001b[39m","time":"2016-11-15T14:17:32.388Z","v":0}
{"name":"hexo","hostname":"qianjianengMacBook-Pro.local","pid":15351,"level":20,"msg":"Processed: \u001b[35m_posts/Xcode多工程联编及工程依赖.md\u001b[39m","time":"2016-11-15T14:17:32.394Z","v":0}
{"name":"hexo","hostname":"qianjianengMacBook-Pro.local","pid":15351,"level":20,"msg":"Processed: \u001b[35m_posts/GitHub+Hexo.md\u001b[39m","time":"2016-11-15T14:17:32.404Z","v":0}
{"name":"hexo","hostname":"qianjianengMacBook-Pro.local","pid":15351,"level":20,"msg":"Processed: \u001b[35m_posts/iOS-release-debug版设置不同的AppIcon.md\u001b[39m","time":"2016-11-15T14:17:32.405Z","v":0}
{"name":"hexo","hostname":"qianjianengMacBook-Pro.local","pid":15351,"level":20,"msg":"Processed: \u001b[35m_posts/iOS公共库.md\u001b[39m","time":"2016-11-15T14:17:32.415Z","v":0}
{"name":"hexo","hostname":"qianjianengMacBook-Pro.local","pid":15351,"level":20,"msg":"Processed: \u001b[35m_posts/IOS10语音识别详解.md\u001b[39m","time":"2016-11-15T14:17:32.461Z","v":0}
{"name":"hexo","hostname":"qianjianengMacBook-Pro.local","pid":15351,"level":20,"msg":"Processed: \u001b[35m_posts/iOS公共库.md\u001b[39m","time":"2016-11-15T14:17:32.462Z","v":0}
{"name":"hexo","hostname":"qianjianengMacBook-Pro.local","pid":15351,"level":20,"msg":"Processed: \u001b[35m_posts/iOS缓存机制-非结构化存储.md\u001b[39m","time":"2016-11-15T14:17:32.473Z","v":0}
{"name":"hexo","hostname":"qianjianengMacBook-Pro.local","pid":15351,"level":20,"msg":"Processed: \u001b[35m_posts/iOS三种录制视频方式.md\u001b[39m","time":"2016-11-15T14:17:32.474Z","v":0}
{"name":"hexo","hostname":"qianjianengMacBook-Pro.local","pid":15351,"level":20,"msg":"Processed: \u001b[35m_posts/iOS卡顿监控.md\u001b[39m","time":"2016-11-15T14:17:32.493Z","v":0}
{"name":"hexo","hostname":"qianjianengMacBook-Pro.local","pid":15351,"level":20,"msg":"Processed: \u001b[35m_posts/iOS开发小技巧.md\u001b[39m","time":"2016-11-15T14:17:32.494Z","v":0}
{"name":"hexo","hostname":"qianjianengMacBook-Pro.local","pid":15351,"level":20,"msg":"Processed: \u001b[35m_posts/Xcode多工程联编及工程依赖.md\u001b[39m","time":"2016-11-15T14:17:32.522Z","v":0}
{"name":"hexo","hostname":"qianjianengMacBook-Pro.local","pid":15351,"level":20,"msg":"Processed: \u001b[35m_posts/runtime详解.md\u001b[39m","time":"2016-11-15T14:17:32.524Z","v":0}
{"name":"hexo","hostname":"qianjianengMacBook-Pro.local","pid":15351,"level":20,"msg":"Processed: \u001b[35m_posts/iOS视频边下边播-缓存视频数据流.md\u001b[39m","time":"2016-11-15T14:17:32.524Z","v":0}
{"name":"hexo","hostname":"qianjianengMacBook-Pro.local","pid":15351,"level":20,"msg":"Generator: \u001b[35mpage\u001b[39m","time":"2016-11-15T14:17:32.995Z","v":0}
{"name":"hexo","hostname":"qianjianengMacBook-Pro.local","pid":15351,"level":20,"msg":"Generator: \u001b[35mpost\u001b[39m","time":"2016-11-15T14:17:32.995Z","v":0}
{"name":"hexo","hostname":"qianjianengMacBook-Pro.local","pid":15351,"level":20,"msg":"Generator: \u001b[35marchive\u001b[39m","time":"2016-11-15T14:17:32.996Z","v":0}
{"name":"hexo","hostname":"qianjianengMacBook-Pro.local","pid":15351,"level":20,"msg":"Generator: \u001b[35mcategory\u001b[39m","time":"2016-11-15T14:17:32.996Z","v":0}
{"name":"hexo","hostname":"qianjianengMacBook-Pro.local","pid":15351,"level":20,"msg":"Generator: \u001b[35mindex\u001b[39m","time":"2016-11-15T14:17:32.996Z","v":0}
{"name":"hexo","hostname":"qianjianengMacBook-Pro.local","pid":15351,"level":20,"msg":"Generator: \u001b[35mtag\u001b[39m","time":"2016-11-15T14:17:32.996Z","v":0}
{"name":"hexo","hostname":"qianjianengMacBook-Pro.local","pid":15351,"level":20,"msg":"Generator: \u001b[35masset\u001b[39m","time":"2016-11-15T14:17:32.996Z","v":0}
{"name":"hexo","hostname":"qianjianengMacBook-Pro.local","pid":15351,"level":20,"msg":"Generator: \u001b[35mpage\u001b[39m","time":"2016-11-15T14:17:40.660Z","v":0}
{"name":"hexo","hostname":"qianjianengMacBook-Pro.local","pid":15351,"level":20,"msg":"Generator: \u001b[35mpost\u001b[39m","time":"2016-11-15T14:17:40.661Z","v":0}
{"name":"hexo","hostname":"qianjianengMacBook-Pro.local","pid":15351,"level":20,"msg":"Generator: \u001b[35marchive\u001b[39m","time":"2016-11-15T14:17:40.661Z","v":0}
{"name":"hexo","hostname":"qianjianengMacBook-Pro.local","pid":15351,"level":20,"msg":"Generator: \u001b[35mcategory\u001b[39m","time":"2016-11-15T14:17:40.661Z","v":0}
{"name":"hexo","hostname":"qianjianengMacBook-Pro.local","pid":15351,"level":20,"msg":"Generator: \u001b[35mindex\u001b[39m","time":"2016-11-15T14:17:40.661Z","v":0}
{"name":"hexo","hostname":"qianjianengMacBook-Pro.local","pid":15351,"level":20,"msg":"Generator: \u001b[35mtag\u001b[39m","time":"2016-11-15T14:17:40.661Z","v":0}
{"name":"hexo","hostname":"qianjianengMacBook-Pro.local","pid":15351,"level":20,"msg":"Generator: \u001b[35masset\u001b[39m","time":"2016-11-15T14:17:40.661Z","v":0}
{"name":"hexo","hostname":"qianjianengMacBook-Pro.local","pid":15351,"level":20,"msg":"Generator: \u001b[35mpage\u001b[39m","time":"2016-11-15T14:17:49.172Z","v":0}
{"name":"hexo","hostname":"qianjianengMacBook-Pro.local","pid":15351,"level":20,"msg":"Generator: \u001b[35mpost\u001b[39m","time":"2016-11-15T14:17:49.172Z","v":0}
{"name":"hexo","hostname":"qianjianengMacBook-Pro.local","pid":15351,"level":20,"msg":"Generator: \u001b[35marchive\u001b[39m","time":"2016-11-15T14:17:49.172Z","v":0}
{"name":"hexo","hostname":"qianjianengMacBook-Pro.local","pid":15351,"level":20,"msg":"Generator: \u001b[35mcategory\u001b[39m","time":"2016-11-15T14:17:49.172Z","v":0}
{"name":"hexo","hostname":"qianjianengMacBook-Pro.local","pid":15351,"level":20,"msg":"Generator: \u001b[35mindex\u001b[39m","time":"2016-11-15T14:17:49.172Z","v":0}
{"name":"hexo","hostname":"qianjianengMacBook-Pro.local","pid":15351,"level":20,"msg":"Generator: \u001b[35mtag\u001b[39m","time":"2016-11-15T14:17:49.172Z","v":0}
{"name":"hexo","hostname":"qianjianengMacBook-Pro.local","pid":15351,"level":20,"msg":"Generator: \u001b[35masset\u001b[39m","time":"2016-11-15T14:17:49.172Z","v":0}
{"name":"hexo","hostname":"qianjianengMacBook-Pro.local","pid":15351,"level":30,"msg":"Bye!","time":"2016-11-15T14:18:11.392Z","v":0}
{"name":"hexo","hostname":"qianjianengMacBook-Pro.local","pid":15351,"level":20,"msg":"Database saved","time":"2016-11-15T14:18:11.427Z","v":0}
